<?xml version="1.0" encoding="utf-8"?><testsuites name="pytest tests"><testsuite name="pytest" errors="0" failures="0" skipped="0" tests="10" time="1.929" timestamp="2026-04-09T01:19:15.037688+00:00" hostname="agent-env-b2750689-3f00-4a9f-bd51-7bc392675486"><testcase classname="backend.tests.test_lumo_api.TestHealthEndpoint" name="test_health_check_returns_200" time="0.229" /><testcase classname="backend.tests.test_lumo_api.TestContactEndpoint" name="test_create_contact_success" time="0.146" /><testcase classname="backend.tests.test_lumo_api.TestContactEndpoint" name="test_create_contact_minimal_fields" time="0.164" /><testcase classname="backend.tests.test_lumo_api.TestContactEndpoint" name="test_create_contact_missing_name" time="0.172" /><testcase classname="backend.tests.test_lumo_api.TestContactEndpoint" name="test_create_contact_missing_email" time="0.154" /><testcase classname="backend.tests.test_lumo_api.TestContactEndpoint" name="test_create_contact_missing_artist_type" time="0.103" /><testcase classname="backend.tests.test_lumo_api.TestContactEndpoint" name="test_create_contact_all_package_types" time="0.455" /><testcase classname="backend.tests.test_lumo_api.TestContactsListEndpoint" name="test_get_contacts_returns_list" time="0.107" /><testcase classname="backend.tests.test_lumo_api.TestContactsListEndpoint" name="test_get_contacts_structure" time="0.109" /><testcase classname="backend.tests.test_lumo_api.TestRootEndpoint" name="test_root_endpoint" time="0.176" /></testsuite></testsuites>